[qude.audio/index.html]
[backblue.gif]
[fade.gif]
[index.html]
[qude.audio/favicon.ico]
[qude.audio/OG-@2x.png]
[qude.audio/_next/static/css/3e9378cb24c31db4.css]
[qude.audio/_next/static/chunks/polyfills-c67a75d1b6f99dc8.js]
[qude.audio/_next/static/chunks/webpack-b8f8d6679aaa5f42.js]
[qude.audio/_next/static/chunks/framework-2c79e2a64abdb08b.js]
[qude.audio/_next/static/chunks/main-e07147f7d4a4a981.js]
[qude.audio/_next/static/chunks/pages/_app-5c4929af552bcd23.js]
[qude.audio/_next/static/chunks/94726e6d-808de5cfe86fd960.js]
[qude.audio/_next/static/chunks/833-c1191d138034352f.js]
[qude.audio/_next/static/chunks/736-b500c4c5d040f47c.js]
[qude.audio/_next/static/chunks/664-e2359597ac708d8d.js]
[qude.audio/_next/static/chunks/217-0cc977bfd97d9045.js]
[qude.audio/_next/static/chunks/507-da7decf60525cf97.js]
[qude.audio/_next/static/chunks/pages/index-c75d56593b5f61ab.js]
[qude.audio/_next/static/cbzyce-MM5JB4gp8q1X5L/_buildManifest.js]
[qude.audio/_next/static/cbzyce-MM5JB4gp8q1X5L/_ssgManifest.js]
[qude.audio/_ipx/w_256,q_75/https_/cdn.sanity.io/images/u6q95fqm/production/8f6be4c10eefc1ff802258ed7b81d9317ca7c0e5-480x387d494.svg]
[qude.audio/_ipx/w_256,q_75/https_/cdn.sanity.io/images/u6q95fqm/production/4884f585a6e9219f0edcfa0e8bb22c4d60796c7a-106x103a604.svg]
[qude.audio/_ipx/w_256,q_75/https_/cdn.sanity.io/images/u6q95fqm/production/258d9af0245b70523e1304a181d7eee571220741-69x92ffa7.svg]
[qude.audio/_ipx/w_256,q_75/https_/cdn.sanity.io/images/u6q95fqm/production/126ebcc1d9ddd8f96fdec2030ef8caf5c4b97194-630x63083a3.svg]
[qude.audio/_ipx/w_256,q_75/https_/cdn.sanity.io/images/u6q95fqm/production/740a067758c13ddb3832738c56342d5027adca71-101x7928de.svg]
[qude.audio/_ipx/w_256,q_75/https_/cdn.sanity.io/images/u6q95fqm/production/89cc0ed16bbe2b332775d9702f7c52f329fada61-124x49de88.svg]
[qude.audio/_ipx/w_256,q_75/https_/cdn.sanity.io/images/u6q95fqm/production/ca3b9aecfe79fe09459b6b64b53ca6f18e8add08-86x1020800.svg]
[qude.audio/_ipx/w_256,q_75/https_/cdn.sanity.io/images/u6q95fqm/production/fe842148775e110a36ef35b12767b73a031dbb9f-63x761062.svg]
[qude.audio/_ipx/w_256,q_75/https_/cdn.sanity.io/images/u6q95fqm/production/b5c4d796cf6cfa3d534d72c0647cad7353c81132-1603x1584982b.png]
[qude.audio/index.html]
[qude.audio/cookies.html]
[qude.audio/_next/static/media/PPNeueMontreal-Medium.f9b3b92f.woff2]
[qude.audio/_next/static/media/PPNeueMontreal-Medium.ed0edb52.woff]
[qude.audio/_next/static/media/PPNeueMontreal-Regular.0a955ce4.woff2]
[qude.audio/_next/static/css/3e9378cb24c31db4.css]
[qude.audio/_ipx/w_256,q_75/https_/cdn.sanity.io/images/u6q95fqm/production/8f6be4c10eefc1ff802258ed7b81d9317ca7c0e5-480x387d494.svg]
[qude.audio/_ipx/w_256,q_75/https_/cdn.sanity.io/images/u6q95fqm/production/4884f585a6e9219f0edcfa0e8bb22c4d60796c7a-106x103a604.svg]
[qude.audio/_ipx/w_256,q_75/https_/cdn.sanity.io/images/u6q95fqm/production/258d9af0245b70523e1304a181d7eee571220741-69x92ffa7.svg]
[qude.audio/_ipx/w_256,q_75/https_/cdn.sanity.io/images/u6q95fqm/production/126ebcc1d9ddd8f96fdec2030ef8caf5c4b97194-630x63083a3.svg]
[qude.audio/_ipx/w_256,q_75/https_/cdn.sanity.io/images/u6q95fqm/production/740a067758c13ddb3832738c56342d5027adca71-101x7928de.svg]
[qude.audio/_ipx/w_256,q_75/https_/cdn.sanity.io/images/u6q95fqm/production/89cc0ed16bbe2b332775d9702f7c52f329fada61-124x49de88.svg]
[qude.audio/_ipx/w_256,q_75/https_/cdn.sanity.io/images/u6q95fqm/production/ca3b9aecfe79fe09459b6b64b53ca6f18e8add08-86x1020800.svg]
[qude.audio/_ipx/w_256,q_75/https_/cdn.sanity.io/images/u6q95fqm/production/fe842148775e110a36ef35b12767b73a031dbb9f-63x761062.svg]
[qude.audio/_next/static/media/PPNeueMontreal-Regular.baa8a70d.woff]
[qude.audio/cookies.html]
[qude.audio/_next/static/chunks/pages/cookies-56302b98a2270434.js]
